Using pre-set license
Built from '2021.1/staging' branch; Version is '2021.1.2f1 (e5d502d80fbb) revision 15062274'; Using compiler version '192528614'; Build Type 'Release'
OS: 'Windows 10 Education; OS build 19043.1288; Version 2009; 64bit' Language: 'de' Physical Memory: 32689 MB
BatchMode: 1, IsHumanControllingUs: 0, StartBugReporterOnCrash: 0, Is64bit: 1, IsPro: 0

 COMMAND LINE ARGUMENTS:
C:\Program Files\Unity\Hub\Editor\2021.1.2f1\Editor\Unity.exe
-adb2
-batchMode
-noUpm
-name
AssetImportWorker0
-projectPath
C:/_GITHUB/GameOfLife/GameOfLife_UnityProject
-logFile
Logs/AssetImportWorker0.log
-srvPort
61328
Successfully changed project path to: C:/_GITHUB/GameOfLife/GameOfLife_UnityProject
C:/_GITHUB/GameOfLife/GameOfLife_UnityProject
Using Asset Import Pipeline V2.
Refreshing native plugins compatible for Editor in 58.78 ms, found 1 plugins.
Preloading 0 native plugins for Editor in 0.00 ms.
Initialize engine version: 2021.1.2f1 (e5d502d80fbb)
[Subsystems] Discovering subsystems at path C:/Program Files/Unity/Hub/Editor/2021.1.2f1/Editor/Data/Resources/UnitySubsystems
[Subsystems] Discovering subsystems at path C:/_GITHUB/GameOfLife/GameOfLife_UnityProject/Assets
GfxDevice: creating device client; threaded=0; jobified=0
Direct3D:
    Version:  Direct3D 11.0 [level 11.1]
    Renderer: NVIDIA GeForce RTX 2070 SUPER (ID=0x1e84)
    Vendor:   NVIDIA
    VRAM:     8011 MB
    Driver:   27.21.14.5730
Initialize mono
Mono path[0] = 'C:/Program Files/Unity/Hub/Editor/2021.1.2f1/Editor/Data/Managed'
Mono path[1] = 'C:/Program Files/Unity/Hub/Editor/2021.1.2f1/Editor/Data/MonoBleedingEdge/lib/mono/unityjit'
Mono config path = 'C:/Program Files/Unity/Hub/Editor/2021.1.2f1/Editor/Data/MonoBleedingEdge/etc'
Using monoOptions --debugger-agent=transport=dt_socket,embedding=1,server=y,suspend=n,address=127.0.0.1:56680
Begin MonoManager ReloadAssembly
Registering precompiled unity dll's ...
Register platform support module: C:/Program Files/Unity/Hub/Editor/2021.1.2f1/Editor/Data/PlaybackEngines/WindowsStandaloneSupport/UnityEditor.WindowsStandalone.Extensions.dll
Register platform support module: C:/Program Files/Unity/Hub/Editor/2021.1.2f1/Editor/Data/PlaybackEngines/LinuxStandaloneSupport/UnityEditor.LinuxStandalone.Extensions.dll
Registered in 0.001785 seconds.
Native extension for LinuxStandalone target not found
Native extension for WindowsStandalone target not found
Refreshing native plugins compatible for Editor in 60.14 ms, found 1 plugins.
Preloading 0 native plugins for Editor in 0.00 ms.
Mono: successfully reloaded assembly
- Completed reload, in  1.323 seconds
Platform modules already initialized, skipping
Registering precompiled user dll's ...
Registered in 0.002135 seconds.
Begin MonoManager ReloadAssembly
Native extension for LinuxStandalone target not found
Native extension for WindowsStandalone target not found
Refreshing native plugins compatible for Editor in 0.44 ms, found 1 plugins.
Preloading 0 native plugins for Editor in 0.00 ms.
Mono: successfully reloaded assembly
- Completed reload, in  0.720 seconds
Platform modules already initialized, skipping
========================================================================
Worker process is ready to serve import requests
Launched and connected shader compiler UnityShaderCompiler.exe after 0.03 seconds
Refreshing native plugins compatible for Editor in 0.43 ms, found 1 plugins.
Preloading 0 native plugins for Editor in 0.00 ms.
Unloading 2667 Unused Serialized files (Serialized files now loaded: 0)
System memory in use before: 98.3 MB.
System memory in use after: 98.4 MB.

Unloading 15 unused Assets to reduce memory usage. Loaded Objects now: 3119.
Total: 1.881800 ms (FindLiveObjects: 0.205200 ms CreateObjectMapping: 0.068100 ms MarkObjects: 1.549500 ms  DeleteObjects: 0.058100 ms)

========================================================================
Received Import Request.
  path: Assets/CitW_Logo_v25_Zeichenflaeche-1.png
  artifactKey: Guid(96631aef128708542adcb2f2ed39d4c6) Importer(815301076,1909f56bfc062723c751e8b465ee728b)
Start importing Assets/CitW_Logo_v25_Zeichenflaeche-1.png using Guid(96631aef128708542adcb2f2ed39d4c6) Importer(815301076,1909f56bfc062723c751e8b465ee728b)  -> (artifact id: 'bb2e5fac28c14485713b843729d3a9cf') in 0.054655 seconds 
========================================================================
Received Import Request.
  Time since last request: 2.112015 seconds.
  path: Assets/CitW_Logo_v25_Zeichenflaeche-1.png
  artifactKey: Guid(96631aef128708542adcb2f2ed39d4c6) Importer(815301076,1909f56bfc062723c751e8b465ee728b)
Start importing Assets/CitW_Logo_v25_Zeichenflaeche-1.png using Guid(96631aef128708542adcb2f2ed39d4c6) Importer(815301076,1909f56bfc062723c751e8b465ee728b)  -> (artifact id: 'b9c89f130182a3aaa01e3ad74c9db15c') in 0.041220 seconds 
AssetImportWorkerClient::OnTransportError - code=2 error=End of file
